<?xml version="1.0" encoding="UTF-8"?>
<testng-results ignored="0" total="2" passed="2" failed="0" skipped="0">
  <reporter-output>
  </reporter-output>
  <suite started-at="2024-12-15T12:04:39 IST" name="Suite" finished-at="2024-12-15T12:04:39 IST" duration-ms="482">
    <groups>
    </groups>
    <test started-at="2024-12-15T12:04:39 IST" name="Test" finished-at="2024-12-15T12:04:39 IST" duration-ms="482">
      <class name="mvn4.Test1">
        <test-method signature="test1()[pri:0, instance:mvn4.Test1@56673b2c]" started-at="2024-12-15T12:04:39 IST" name="test1" finished-at="2024-12-15T12:04:39 IST" duration-ms="333" status="PASS">
          <reporter-output>
          </reporter-output>
        </test-method> <!-- test1 -->
        <test-method signature="test2()[pri:0, instance:mvn4.Test1@56673b2c]" started-at="2024-12-15T12:04:39 IST" name="test2" finished-at="2024-12-15T12:04:39 IST" duration-ms="4" status="PASS">
          <reporter-output>
          </reporter-output>
        </test-method> <!-- test2 -->
      </class> <!-- mvn4.Test1 -->
    </test> <!-- Test -->
  </suite> <!-- Suite -->
</testng-results>
